<?xml version="1.0" encoding="UTF-8"?>
<!-- Generated by org.testng.reporters.JUnitReportReporter -->
<testsuite hostname="Deepu" failures="0" tests="38" name="tests.BagistoStepByStepTest" time="46.824" errors="1" timestamp="2025-09-08T15:01:53 IST" skipped="0">
  <testcase classname="tests.BagistoStepByStepTest" name="openAdminPanel" time="1.845"/>
  <testcase classname="tests.BagistoStepByStepTest" name="enterEmail" time="0.147"/>
  <testcase classname="tests.BagistoStepByStepTest" name="enterPassword" time="0.120"/>
  <testcase classname="tests.BagistoStepByStepTest" name="clickSignIn" time="2.555"/>
  <testcase classname="tests.BagistoStepByStepTest" name="enableDarkMode" time="0.121"/>
  <testcase classname="tests.BagistoStepByStepTest" name="openCalendar" time="0.062"/>
  <testcase classname="tests.BagistoStepByStepTest" name="selectToday" time="0.131"/>
  <testcase classname="tests.BagistoStepByStepTest" name="openNotifications" time="0.151"/>
  <testcase classname="tests.BagistoStepByStepTest" name="clickViewAllNotifications" time="2.081"/>
  <testcase classname="tests.BagistoStepByStepTest" name="searchCustomer" time="3.114"/>
  <testcase classname="tests.BagistoStepByStepTest" name="clickCustomersDiv" time="0.050"/>
  <testcase classname="tests.BagistoStepByStepTest" name="waitForSearchResults" time="0.022"/>
  <testcase classname="tests.BagistoStepByStepTest" name="clickFirstSearchResult" time="2.362"/>
  <testcase classname="tests.BagistoStepByStepTest" name="waitForDeleteIcon" time="0.065"/>
  <testcase classname="tests.BagistoStepByStepTest" name="clickDeleteIcon" time="0.133"/>
  <testcase classname="tests.BagistoStepByStepTest" name="waitForAgreeBtn" time="0.568"/>
  <testcase classname="tests.BagistoStepByStepTest" name="clickAgreeBtn" time="2.180"/>
  <testcase classname="tests.BagistoStepByStepTest" name="goToCustomersMenu" time="1.740"/>
  <testcase classname="tests.BagistoStepByStepTest" name="clickCustomersSubMenu" time="1.755"/>
  <testcase classname="tests.BagistoStepByStepTest" name="clickCreateCustomerBtn" time="0.126"/>
  <testcase classname="tests.BagistoStepByStepTest" name="enterFirstName" time="0.612"/>
  <testcase classname="tests.BagistoStepByStepTest" name="enterLastName" time="0.091"/>
  <testcase classname="tests.BagistoStepByStepTest" name="enterCustomerEmail" time="0.244"/>
  <testcase classname="tests.BagistoStepByStepTest" name="selectGender" time="0.131"/>
  <testcase classname="tests.BagistoStepByStepTest" name="clickSaveCustomerBtn" time="4.116"/>
  <testcase classname="tests.BagistoStepByStepTest" name="clickNewCustomerLogin" time="0.121"/>
  <testcase classname="tests.BagistoStepByStepTest" name="clickAddress" time="4.182"/>
  <testcase classname="tests.BagistoStepByStepTest" name="clickAddAddressBtn" time="1.974"/>
  <testcase classname="tests.BagistoStepByStepTest" name="enterAddressFirstName" time="0.110"/>
  <testcase classname="tests.BagistoStepByStepTest" name="enterAddressLastName" time="0.095"/>
  <testcase classname="tests.BagistoStepByStepTest" name="enterAddressEmail" time="0.123"/>
  <testcase classname="tests.BagistoStepByStepTest" name="enterStreetAddress" time="0.128"/>
  <testcase classname="tests.BagistoStepByStepTest" name="selectCountry" time="0.136"/>
  <testcase classname="tests.BagistoStepByStepTest" name="selectState" time="0.113"/>
  <testcase classname="tests.BagistoStepByStepTest" name="enterCity" time="0.107"/>
  <testcase classname="tests.BagistoStepByStepTest" name="enterPostCode" time="0.094"/>
  <testcase classname="tests.BagistoStepByStepTest" name="enterPhone" time="0.102"/>
  <testcase classname="tests.BagistoStepByStepTest" name="clickSaveAddressBtn" time="15.017">
    <error message="Expected condition failed: waiting for element to be clickable: By.xpath: //button[contains(text(),&#039;Saves&#039;)] (tried for 15 second(s) with 500 milliseconds interval)
Build info: version: &#039;4.34.0&#039;, revision: &#039;707dcb4246*&#039;
System info: os.name: &#039;Windows 11&#039;, os.arch: &#039;amd64&#039;, os.version: &#039;10.0&#039;, java.version: &#039;21.0.7&#039;
Driver info: org.openqa.selenium.chrome.ChromeDriver
Capabilities {acceptInsecureCerts: false, browserName: chrome, browserVersion: 139.0.7258.157, chrome: {chromedriverVersion: 139.0.7258.154 (9e0d6b2b47f..., userDataDir: C:\Users\deept\AppData\Loca...}, fedcm:accounts: true, goog:chromeOptions: {debuggerAddress: localhost:63749}, networkConnectionEnabled: false, pageLoadStrategy: normal, platformName: windows, proxy: Proxy(), se:cdp: ws://localhost:63749/devtoo..., se:cdpVersion: 139.0.7258.157, setWindowRect: true, strictFileInteractability: false, timeouts: {implicit: 0, pageLoad: 300000, script: 30000}, unhandledPromptBehavior: dismiss and notify, webauthn:extension:credBlob: true, webauthn:extension:largeBlob: true, webauthn:extension:minPinLength: true, webauthn:extension:prf: true, webauthn:virtualAuthenticators: true}
Session ID: 27658fa60fc3465826f7873d0e614d4c" type="org.openqa.selenium.TimeoutException">
      <![CDATA[org.openqa.selenium.TimeoutException: Expected condition failed: waiting for element to be clickable: By.xpath: //button[contains(text(),'Saves')] (tried for 15 second(s) with 500 milliseconds interval)
Build info: version: '4.34.0', revision: '707dcb4246*'
System info: os.name: 'Windows 11', os.arch: 'amd64', os.version: '10.0', java.version: '21.0.7'
Driver info: org.openqa.selenium.chrome.ChromeDriver
Capabilities {acceptInsecureCerts: false, browserName: chrome, browserVersion: 139.0.7258.157, chrome: {chromedriverVersion: 139.0.7258.154 (9e0d6b2b47f..., userDataDir: C:\Users\deept\AppData\Loca...}, fedcm:accounts: true, goog:chromeOptions: {debuggerAddress: localhost:63749}, networkConnectionEnabled: false, pageLoadStrategy: normal, platformName: windows, proxy: Proxy(), se:cdp: ws://localhost:63749/devtoo..., se:cdpVersion: 139.0.7258.157, setWindowRect: true, strictFileInteractability: false, timeouts: {implicit: 0, pageLoad: 300000, script: 30000}, unhandledPromptBehavior: dismiss and notify, webauthn:extension:credBlob: true, webauthn:extension:largeBlob: true, webauthn:extension:minPinLength: true, webauthn:extension:prf: true, webauthn:virtualAuthenticators: true}
Session ID: 27658fa60fc3465826f7873d0e614d4c
at org.openqa.selenium.support.ui.WebDriverWait.timeoutException(WebDriverWait.java:84)
at org.openqa.selenium.support.ui.FluentWait.until(FluentWait.java:228)
at pages.AddressPage.clickSaveBtn(AddressPage.java:117)
at tests.BagistoStepByStepTest.clickSaveAddressBtn(BagistoStepByStepTest.java:206)
at java.base/jdk.internal.reflect.DirectMethodHandleAccessor.invoke(DirectMethodHandleAccessor.java:103)
at java.base/java.lang.reflect.Method.invoke(Method.java:580)
at org.testng.internal.invokers.MethodInvocationHelper.invokeMethod(MethodInvocationHelper.java:141)
at org.testng.internal.invokers.TestInvoker.invokeMethod(TestInvoker.java:687)
at org.testng.internal.invokers.TestInvoker.invokeTestMethod(TestInvoker.java:230)
at org.testng.internal.invokers.MethodRunner.runInSequence(MethodRunner.java:63)
at org.testng.internal.invokers.TestInvoker$MethodInvocationAgent.invoke(TestInvoker.java:995)
at org.testng.internal.invokers.TestInvoker.invokeTestMethods(TestInvoker.java:203)
at org.testng.internal.invokers.TestMethodWorker.invokeTestMethods(TestMethodWorker.java:154)
at org.testng.internal.invokers.TestMethodWorker.run(TestMethodWorker.java:134)
at java.base/java.util.ArrayList.forEach(ArrayList.java:1596)
at org.testng.TestRunner.privateRun(TestRunner.java:741)
at org.testng.TestRunner.run(TestRunner.java:616)
at org.testng.SuiteRunner.runTest(SuiteRunner.java:421)
at org.testng.SuiteRunner.runSequentially(SuiteRunner.java:413)
at org.testng.SuiteRunner.privateRun(SuiteRunner.java:373)
at org.testng.SuiteRunner.run(SuiteRunner.java:312)
at org.testng.SuiteRunnerWorker.runSuite(SuiteRunnerWorker.java:52)
at org.testng.SuiteRunnerWorker.run(SuiteRunnerWorker.java:95)
at org.testng.TestNG.runSuitesSequentially(TestNG.java:1274)
at org.testng.TestNG.runSuitesLocally(TestNG.java:1208)
at org.testng.TestNG.runSuites(TestNG.java:1112)
at org.testng.TestNG.run(TestNG.java:1079)
at org.testng.remote.AbstractRemoteTestNG.run(AbstractRemoteTestNG.java:115)
at org.testng.remote.RemoteTestNG.initAndRun(RemoteTestNG.java:293)
at org.testng.remote.RemoteTestNG.main(RemoteTestNG.java:91)
]]>
    </error>
  </testcase> <!-- clickSaveAddressBtn -->
</testsuite> <!-- tests.BagistoStepByStepTest -->
