<?xml version="1.0" encoding="UTF-8"?>
<!-- Generated by org.testng.reporters.JUnitXMLReporter -->
<testsuite ignored="0" hostname="Deepu" failures="1" tests="40" name="Test" time="78.474" errors="0" timestamp="2025-09-08T15:01:53 IST">
  <testcase classname="tests.BagistoStepByStepTest" name="openAdminPanel" time="1.845"/>
  <testcase classname="tests.BagistoStepByStepTest" name="enterEmail" time="0.146"/>
  <testcase classname="tests.BagistoStepByStepTest" name="enterPassword" time="0.119"/>
  <testcase classname="tests.BagistoStepByStepTest" name="clickSignIn" time="2.552"/>
  <testcase classname="tests.BagistoStepByStepTest" name="enableDarkMode" time="0.118"/>
  <testcase classname="tests.BagistoStepByStepTest" name="openCalendar" time="0.059"/>
  <testcase classname="tests.BagistoStepByStepTest" name="selectToday" time="0.13"/>
  <testcase classname="tests.BagistoStepByStepTest" name="openNotifications" time="0.151"/>
  <testcase classname="tests.BagistoStepByStepTest" name="clickViewAllNotifications" time="2.08"/>
  <testcase classname="tests.BagistoStepByStepTest" name="searchCustomer" time="3.114"/>
  <testcase classname="tests.BagistoStepByStepTest" name="clickCustomersDiv" time="0.049"/>
  <testcase classname="tests.BagistoStepByStepTest" name="waitForSearchResults" time="0.022"/>
  <testcase classname="tests.BagistoStepByStepTest" name="clickFirstSearchResult" time="2.362"/>
  <testcase classname="tests.BagistoStepByStepTest" name="waitForDeleteIcon" time="0.064"/>
  <testcase classname="tests.BagistoStepByStepTest" name="clickDeleteIcon" time="0.132"/>
  <testcase classname="tests.BagistoStepByStepTest" name="waitForAgreeBtn" time="0.567"/>
  <testcase classname="tests.BagistoStepByStepTest" name="clickAgreeBtn" time="2.18"/>
  <testcase classname="tests.BagistoStepByStepTest" name="goToCustomersMenu" time="1.739"/>
  <testcase classname="tests.BagistoStepByStepTest" name="clickCustomersSubMenu" time="1.754"/>
  <testcase classname="tests.BagistoStepByStepTest" name="clickCreateCustomerBtn" time="0.126"/>
  <testcase classname="tests.BagistoStepByStepTest" name="enterFirstName" time="0.612"/>
  <testcase classname="tests.BagistoStepByStepTest" name="enterLastName" time="0.091"/>
  <testcase classname="tests.BagistoStepByStepTest" name="enterCustomerEmail" time="0.102"/>
  <testcase classname="tests.BagistoStepByStepTest" name="selectGender" time="0.131"/>
  <testcase classname="tests.BagistoStepByStepTest" name="clickSaveCustomerBtn" time="4.116"/>
  <testcase classname="tests.BagistoStepByStepTest" name="clickNewCustomerLogin" time="0.121"/>
  <testcase classname="tests.BagistoStepByStepTest" name="clickAddress" time="4.182"/>
  <testcase classname="tests.BagistoStepByStepTest" name="clickAddAddressBtn" time="1.974"/>
  <testcase classname="tests.BagistoStepByStepTest" name="enterAddressFirstName" time="0.109"/>
  <testcase classname="tests.BagistoStepByStepTest" name="enterAddressLastName" time="0.092"/>
  <testcase classname="tests.BagistoStepByStepTest" name="enterAddressEmail" time="0.121"/>
  <testcase classname="tests.BagistoStepByStepTest" name="enterStreetAddress" time="0.119"/>
  <testcase classname="tests.BagistoStepByStepTest" name="selectCountry" time="0.135"/>
  <testcase classname="tests.BagistoStepByStepTest" name="selectState" time="0.112"/>
  <testcase classname="tests.BagistoStepByStepTest" name="enterCity" time="0.107"/>
  <testcase classname="tests.BagistoStepByStepTest" name="enterPostCode" time="0.094"/>
  <testcase classname="tests.BagistoStepByStepTest" name="enterPhone" time="0.1"/>
  <testcase classname="tests.BagistoStepByStepTest" name="clickSaveAddressBtn" time="15.016">
    <failure type="org.openqa.selenium.TimeoutException" message="Expected condition failed: waiting for element to be clickable: By.xpath: //button[contains(text(),&amp;apos;Saves&amp;apos;)] (tried for 15 second(s) with 500 milliseconds interval)
Build info: version: &amp;apos;4.34.0&amp;apos;, revision: &amp;apos;707dcb4246*&amp;apos;
System info: os.name: &amp;apos;Windows 11&amp;apos;, os.arch: &amp;apos;amd64&amp;apos;, os.version: &amp;apos;10.0&amp;apos;, java.version: &amp;apos;21.0.7&amp;apos;
Driver info: org.openqa.selenium.chrome.ChromeDriver
Capabilities {acceptInsecureCerts: false, browserName: chrome, browserVersion: 139.0.7258.157, chrome: {chromedriverVersion: 139.0.7258.154 (9e0d6b2b47f..., userDataDir: C:\Users\deept\AppData\Loca...}, fedcm:accounts: true, goog:chromeOptions: {debuggerAddress: localhost:63749}, networkConnectionEnabled: false, pageLoadStrategy: normal, platformName: windows, proxy: Proxy(), se:cdp: ws://localhost:63749/devtoo..., se:cdpVersion: 139.0.7258.157, setWindowRect: true, strictFileInteractability: false, timeouts: {implicit: 0, pageLoad: 300000, script: 30000}, unhandledPromptBehavior: dismiss and notify, webauthn:extension:credBlob: true, webauthn:extension:largeBlob: true, webauthn:extension:minPinLength: true, webauthn:extension:prf: true, webauthn:virtualAuthenticators: true}
Session ID: 27658fa60fc3465826f7873d0e614d4c">
      <![CDATA[org.openqa.selenium.TimeoutException: Expected condition failed: waiting for element to be clickable: By.xpath: //button[contains(text(),'Saves')] (tried for 15 second(s) with 500 milliseconds interval)
Build info: version: '4.34.0', revision: '707dcb4246*'
System info: os.name: 'Windows 11', os.arch: 'amd64', os.version: '10.0', java.version: '21.0.7'
Driver info: org.openqa.selenium.chrome.ChromeDriver
Capabilities {acceptInsecureCerts: false, browserName: chrome, browserVersion: 139.0.7258.157, chrome: {chromedriverVersion: 139.0.7258.154 (9e0d6b2b47f..., userDataDir: C:\Users\deept\AppData\Loca...}, fedcm:accounts: true, goog:chromeOptions: {debuggerAddress: localhost:63749}, networkConnectionEnabled: false, pageLoadStrategy: normal, platformName: windows, proxy: Proxy(), se:cdp: ws://localhost:63749/devtoo..., se:cdpVersion: 139.0.7258.157, setWindowRect: true, strictFileInteractability: false, timeouts: {implicit: 0, pageLoad: 300000, script: 30000}, unhandledPromptBehavior: dismiss and notify, webauthn:extension:credBlob: true, webauthn:extension:largeBlob: true, webauthn:extension:minPinLength: true, webauthn:extension:prf: true, webauthn:virtualAuthenticators: true}
Session ID: 27658fa60fc3465826f7873d0e614d4c
at org.openqa.selenium.support.ui.WebDriverWait.timeoutException(WebDriverWait.java:84)
at org.openqa.selenium.support.ui.FluentWait.until(FluentWait.java:228)
at pages.AddressPage.clickSaveBtn(AddressPage.java:117)
at tests.BagistoStepByStepTest.clickSaveAddressBtn(BagistoStepByStepTest.java:206)
at java.base/java.util.ArrayList.forEach(ArrayList.java:1596)
... Removed 25 stack frames]]>
    </failure>
  </testcase> <!-- clickSaveAddressBtn -->
  <testcase classname="tests.RegExcel" name="signupTest" time="9.393"/>
  <testcase classname="tests.RegExcel" name="signupTest" time="10.133"/>
</testsuite> <!-- Test -->
